<?xml version="1.0" encoding="UTF-8"?>
<coverage generated="1537869348282" clover="3.2.0">
  <project timestamp="1537869348282" name="All files">
    <metrics statements="14" coveredstatements="11" conditionals="4" coveredconditionals="4" methods="5" coveredmethods="1" elements="23" coveredelements="16" complexity="0" loc="14" ncloc="14" packages="2" files="2" classes="2">
      <package name="actions">
        <metrics statements="6" coveredstatements="3" conditionals="0" coveredconditionals="0" methods="4" coveredmethods="0"/>
        <file name="ConverterAction.js" path="/home/shubham/Documents/workspace/connido-frontend-technical-test/app/actions/ConverterAction.js">
          <metrics statements="6" coveredstatements="3" conditionals="0" coveredconditionals="0" methods="4" coveredmethods="0"/>
          <line num="2" count="2" type="stmt"/>
          <line num="7" count="2" type="stmt"/>
          <line num="8" count="0" type="stmt"/>
          <line num="9" count="0" type="stmt"/>
          <line num="12" count="2" type="stmt"/>
          <line num="13" count="0" type="stmt"/>
        </file>
      </package>
      <package name="reducers">
        <metrics statements="8" coveredstatements="8" conditionals="4" coveredconditionals="4" methods="1" coveredmethods="1"/>
        <file name="ConverterReducer.js" path="/home/shubham/Documents/workspace/connido-frontend-technical-test/app/reducers/ConverterReducer.js">
          <metrics statements="8" coveredstatements="8" conditionals="4" coveredconditionals="4" methods="1" coveredmethods="1"/>
          <line num="3" count="1" type="stmt"/>
          <line num="8" count="1" type="cond" truecount="1" falsecount="0"/>
          <line num="9" count="9" type="cond" truecount="3" falsecount="0"/>
          <line num="12" count="3" type="stmt"/>
          <line num="13" count="3" type="stmt"/>
          <line num="19" count="3" type="stmt"/>
          <line num="20" count="3" type="stmt"/>
          <line num="25" count="3" type="stmt"/>
        </file>
      </package>
    </metrics>
  </project>
</coverage>
