{"/home/shubham/Documents/workspace/connido-frontend-technical-test/app/actions/ConverterAction.js": {"path":"/home/shubham/Documents/workspace/connido-frontend-technical-test/app/actions/ConverterAction.js","statementMap":{"0":{"start":{"line":2,"column":20},"end":{"line":5,"column":1}},"1":{"start":{"line":7,"column":20},"end":{"line":10,"column":1}},"2":{"start":{"line":7,"column":31},"end":{"line":10,"column":1}},"3":{"start":{"line":8,"column":8},"end":{"line":8,"column":37}},"4":{"start":{"line":9,"column":8},"end":{"line":9,"column":72}},"5":{"start":{"line":12,"column":31},"end":{"line":14,"column":1}},"6":{"start":{"line":12,"column":48},"end":{"line":14,"column":1}},"7":{"start":{"line":13,"column":4},"end":{"line":13,"column":87}}},"fnMap":{"0":{"name":"(anonymous_0)","decl":{"start":{"line":7,"column":20},"end":{"line":7,"column":21}},"loc":{"start":{"line":7,"column":31},"end":{"line":10,"column":1}},"line":7},"1":{"name":"(anonymous_1)","decl":{"start":{"line":7,"column":31},"end":{"line":7,"column":32}},"loc":{"start":{"line":7,"column":43},"end":{"line":10,"column":1}},"line":7},"2":{"name":"(anonymous_2)","decl":{"start":{"line":12,"column":31},"end":{"line":12,"column":32}},"loc":{"start":{"line":12,"column":48},"end":{"line":14,"column":1}},"line":12},"3":{"name":"(anonymous_3)","decl":{"start":{"line":12,"column":48},"end":{"line":12,"column":49}},"loc":{"start":{"line":12,"column":60},"end":{"line":14,"column":1}},"line":12}},"branchMap":{},"s":{"0":2,"1":2,"2":0,"3":0,"4":0,"5":2,"6":0,"7":0},"f":{"0":0,"1":0,"2":0,"3":0},"b":{},"_coverageSchema":"332fd63041d2c1bcb487cc26dd0d5f7d97098a6c","hash":"9c749a305264db8abebeeb871542e85b7eb3ae76"}
,"/home/shubham/Documents/workspace/connido-frontend-technical-test/app/reducers/ConverterReducer.js": {"path":"/home/shubham/Documents/workspace/connido-frontend-technical-test/app/reducers/ConverterReducer.js","statementMap":{"0":{"start":{"line":3,"column":21},"end":{"line":6,"column":1}},"1":{"start":{"line":8,"column":25},"end":{"line":27,"column":1}},"2":{"start":{"line":9,"column":4},"end":{"line":26,"column":5}},"3":{"start":{"line":12,"column":30},"end":{"line":12,"column":44}},"4":{"start":{"line":13,"column":12},"end":{"line":16,"column":13}},"5":{"start":{"line":19,"column":36},"end":{"line":19,"column":50}},"6":{"start":{"line":20,"column":12},"end":{"line":23,"column":13}},"7":{"start":{"line":25,"column":17},"end":{"line":25,"column":30}}},"fnMap":{"0":{"name":"(anonymous_0)","decl":{"start":{"line":8,"column":25},"end":{"line":8,"column":26}},"loc":{"start":{"line":8,"column":59},"end":{"line":27,"column":1}},"line":8}},"branchMap":{"0":{"loc":{"start":{"line":8,"column":26},"end":{"line":8,"column":46}},"type":"default-arg","locations":[{"start":{"line":8,"column":34},"end":{"line":8,"column":46}}],"line":8},"1":{"loc":{"start":{"line":9,"column":4},"end":{"line":26,"column":5}},"type":"switch","locations":[{"start":{"line":11,"column":8},"end":{"line":16,"column":13}},{"start":{"line":18,"column":8},"end":{"line":23,"column":13}},{"start":{"line":25,"column":8},"end":{"line":25,"column":30}}],"line":9}},"s":{"0":1,"1":1,"2":9,"3":3,"4":3,"5":3,"6":3,"7":3},"f":{"0":9},"b":{"0":[4],"1":[3,3,3]},"_coverageSchema":"332fd63041d2c1bcb487cc26dd0d5f7d97098a6c","hash":"359b51f57a4910af68cc439b7c3f174c98c0c890"}
}
