TN:
SF:/home/shubham/Documents/workspace/connido-frontend-technical-test/app/actions/ConverterAction.js
FN:7,(anonymous_0)
FN:7,(anonymous_1)
FN:12,(anonymous_2)
FN:12,(anonymous_3)
FNF:4
FNH:0
FNDA:0,(anonymous_0)
FNDA:0,(anonymous_1)
FNDA:0,(anonymous_2)
FNDA:0,(anonymous_3)
DA:2,2
DA:7,2
DA:8,0
DA:9,0
DA:12,2
DA:13,0
LF:6
LH:3
BRF:0
BRH:0
end_of_record
TN:
SF:/home/shubham/Documents/workspace/connido-frontend-technical-test/app/reducers/ConverterReducer.js
FN:8,(anonymous_0)
FNF:1
FNH:1
FNDA:9,(anonymous_0)
DA:3,1
DA:8,1
DA:9,9
DA:12,3
DA:13,3
DA:19,3
DA:20,3
DA:25,3
LF:8
LH:8
BRDA:8,0,0,4
BRDA:9,1,0,3
BRDA:9,1,1,3
BRDA:9,1,2,3
BRF:4
BRH:4
end_of_record
